SimpleAlarmClock-master/app/build/intermediates/manifest_merge_blame_file/debug/manifest-merger-blame-debug-report.txt
1<?xml version="1.0" encoding="utf-8"?>
2<manifest xmlns:android="http://schemas.android.com/apk/res/android"
3    package="com.learntodroid.simplealarmclock"
4    android:versionCode="1"
5    android:versionName="1.0" >
6
7    <uses-sdk
8        android:minSdkVersion="15"
8-->src\main\AndroidManifest.xml
9        android:targetSdkVersion="29" />
9-->src\main\AndroidManifest.xml
10
11    <uses-permission android:name="android.permission.RECEIVE_BOOT_COMPLETED" />
11-->src\main\AndroidManifest.xml:5:5-81
11-->src\main\AndroidManifest.xml:5:22-78
12    <uses-permission android:name="android.permission.FOREGROUND_SERVICE" />
12-->src\main\AndroidManifest.xml:6:5-77
12-->src\main\AndroidManifest.xml:6:22-74
13    <uses-permission android:name="android.permission.VIBRATE" />
13-->src\main\AndroidManifest.xml:7:5-66
13-->src\main\AndroidManifest.xml:7:22-63
14
15    <application
15-->src\main\AndroidManifest.xml:9:5-37:19
16        android:name="com.learntodroid.simplealarmclock.application.App"
16-->src\main\AndroidManifest.xml:10:9-40
17        android:allowBackup="true"
17-->src\main\AndroidManifest.xml:11:9-35
18        android:appComponentFactory="androidx.core.app.CoreComponentFactory"
18-->[androidx.core:core:1.3.0-alpha02] AndroidManifest.xml:24:18-86
19        android:debuggable="true"
20        android:icon="@mipmap/ic_launcher"
20-->src\main\AndroidManifest.xml:12:9-43
21        android:label="@string/app_name"
21-->src\main\AndroidManifest.xml:13:9-41
22        android:roundIcon="@mipmap/ic_launcher_round"
22-->src\main\AndroidManifest.xml:14:9-54
23        android:supportsRtl="true"
23-->src\main\AndroidManifest.xml:15:9-35
24        android:testOnly="true"
25        android:theme="@style/AppTheme" >
25-->src\main\AndroidManifest.xml:16:9-40
26        <activity android:name="com.learntodroid.simplealarmclock.activities.MainActivity" >
26-->src\main\AndroidManifest.xml:18:9-24:20
26-->src\main\AndroidManifest.xml:18:19-58
27            <intent-filter>
27-->src\main\AndroidManifest.xml:19:13-23:29
28                <action android:name="android.intent.action.MAIN" />
28-->src\main\AndroidManifest.xml:20:17-69
28-->src\main\AndroidManifest.xml:20:25-66
29
30                <category android:name="android.intent.category.LAUNCHER" />
30-->src\main\AndroidManifest.xml:22:17-77
30-->src\main\AndroidManifest.xml:22:27-74
31            </intent-filter>
32        </activity>
33        <activity android:name="com.learntodroid.simplealarmclock.activities.RingActivity" >
33-->src\main\AndroidManifest.xml:26:9-27:20
33-->src\main\AndroidManifest.xml:26:19-58
34        </activity>
35
36        <receiver android:name="com.learntodroid.simplealarmclock.broadcastreceiver.AlarmBroadcastReceiver" >
36-->src\main\AndroidManifest.xml:29:9-33:20
36-->src\main\AndroidManifest.xml:29:19-75
37            <intent-filter>
37-->src\main\AndroidManifest.xml:30:13-32:29
38                <action android:name="android.intent.action.BOOT_COMPLETED" />
38-->src\main\AndroidManifest.xml:31:17-79
38-->src\main\AndroidManifest.xml:31:25-76
39            </intent-filter>
40        </receiver>
41
42        <service android:name="com.learntodroid.simplealarmclock.service.AlarmService" />
42-->src\main\AndroidManifest.xml:35:9-57
42-->src\main\AndroidManifest.xml:35:18-54
43        <service android:name="com.learntodroid.simplealarmclock.service.RescheduleAlarmsService" />
43-->src\main\AndroidManifest.xml:36:9-68
43-->src\main\AndroidManifest.xml:36:18-65
44        <service
44-->[androidx.room:room-runtime:2.2.1] AndroidManifest.xml:25:9-27:40
45            android:name="androidx.room.MultiInstanceInvalidationService"
45-->[androidx.room:room-runtime:2.2.1] AndroidManifest.xml:26:13-74
46            android:exported="false" />
46-->[androidx.room:room-runtime:2.2.1] AndroidManifest.xml:27:13-37
47
48        <provider
48-->[androidx.lifecycle:lifecycle-process:2.2.0] AndroidManifest.xml:25:9-29:43
49            android:name="androidx.lifecycle.ProcessLifecycleOwnerInitializer"
49-->[androidx.lifecycle:lifecycle-process:2.2.0] AndroidManifest.xml:26:13-79
50            android:authorities="com.learntodroid.simplealarmclock.lifecycle-process"
50-->[androidx.lifecycle:lifecycle-process:2.2.0] AndroidManifest.xml:27:13-69
51            android:exported="false"
51-->[androidx.lifecycle:lifecycle-process:2.2.0] AndroidManifest.xml:28:13-37
52            android:multiprocess="true" />
52-->[androidx.lifecycle:lifecycle-process:2.2.0] AndroidManifest.xml:29:13-40
53    </application>
54
55</manifest>